find_executable: checking for pkg-config... -------------------- yes

--------------------

have_library: checking for main() in -lavformat... -------------------- yes

"gcc -o conftest -I/Users/emil/.rvm/rubies/ruby-1.9.2-p136/include/ruby-1.9.1/x86_64-darwin10.6.0 -I/Users/emil/.rvm/rubies/ruby-1.9.2-p136/include/ruby-1.9.1/ruby/backward -I/Users/emil/.rvm/rubies/ruby-1.9.2-p136/include/ruby-1.9.1 -I. -D_XOPEN_SOURCE -D_DARWIN_C_SOURCE    -O3 -ggdb -Wextra -Wno-unused-parameter -Wno-parentheses -Wpointer-arith -Wwrite-strings -Wno-missing-field-initializers -Wshorten-64-to-32 -Wno-long-long  -fno-common -pipe -I/opt/local/include -W -Wall conftest.c  -L. -L/Users/emil/.rvm/rubies/ruby-1.9.2-p136/lib -L. -L/usr/local/lib -L/opt/local/lib -lavfilter     -lruby.1.9.1-static  -lpthread -ldl -lobjc "
checked program was:
/* begin */
1: #include "ruby.h"
2: 
3: int main() {return 0;}
/* end */

"gcc -o conftest -I/Users/emil/.rvm/rubies/ruby-1.9.2-p136/include/ruby-1.9.1/x86_64-darwin10.6.0 -I/Users/emil/.rvm/rubies/ruby-1.9.2-p136/include/ruby-1.9.1/ruby/backward -I/Users/emil/.rvm/rubies/ruby-1.9.2-p136/include/ruby-1.9.1 -I. -D_XOPEN_SOURCE -D_DARWIN_C_SOURCE    -O3 -ggdb -Wextra -Wno-unused-parameter -Wno-parentheses -Wpointer-arith -Wwrite-strings -Wno-missing-field-initializers -Wshorten-64-to-32 -Wno-long-long  -fno-common -pipe -I/opt/local/include -W -Wall conftest.c  -L. -L/Users/emil/.rvm/rubies/ruby-1.9.2-p136/lib -L. -L/usr/local/lib -L/opt/local/lib -lavfilter     -lruby.1.9.1-static -lavformat  -lpthread -ldl -lobjc "
checked program was:
/* begin */
1: #include "ruby.h"
2: 
3: /*top*/
4: int main() {return 0;}
5: int t() { void ((*volatile p)()); p = (void ((*)()))main; return 0; }
/* end */

--------------------

find_header: checking for libavformat/avformat.h... -------------------- yes

"gcc -E -I/Users/emil/.rvm/rubies/ruby-1.9.2-p136/include/ruby-1.9.1/x86_64-darwin10.6.0 -I/Users/emil/.rvm/rubies/ruby-1.9.2-p136/include/ruby-1.9.1/ruby/backward -I/Users/emil/.rvm/rubies/ruby-1.9.2-p136/include/ruby-1.9.1 -I. -D_XOPEN_SOURCE -D_DARWIN_C_SOURCE    -O3 -ggdb -Wextra -Wno-unused-parameter -Wno-parentheses -Wpointer-arith -Wwrite-strings -Wno-missing-field-initializers -Wshorten-64-to-32 -Wno-long-long  -fno-common -pipe -I/opt/local/include -W -Wall  conftest.c -o conftest.i"
In file included from /opt/local/include/libavutil/avutil.h:81,
                 from /opt/local/include/libavcodec/avcodec.h:30,
                 from /opt/local/include/libavformat/avformat.h:76,
                 from conftest.c:3:
/opt/local/include/libavutil/common.h:47:1: warning: "RSHIFT" redefined
In file included from /Users/emil/.rvm/rubies/ruby-1.9.2-p136/include/ruby-1.9.1/ruby/ruby.h:25,
                 from /Users/emil/.rvm/rubies/ruby-1.9.2-p136/include/ruby-1.9.1/ruby.h:32,
                 from conftest.c:1:
/Users/emil/.rvm/rubies/ruby-1.9.2-p136/include/ruby-1.9.1/x86_64-darwin10.6.0/ruby/config.h:235:1: warning: this is the location of the previous definition
checked program was:
/* begin */
1: #include "ruby.h"
2: 
3: #include <libavformat/avformat.h>
/* end */

--------------------

